0 verbose cli C:\Program Files\nodejs\node.exe C:\Program Files\nodejs\node_modules\npm\bin\npm-cli.js
1 info using npm@11.6.2
2 info using node@v24.12.0
3 silly config load:file:C:\Program Files\nodejs\node_modules\npm\npmrc
4 silly config load:file:D:\123456\danalog-platform\frontend\.npmrc
5 silly config load:file:C:\Users\Lenovo\.npmrc
6 silly config load:file:C:\Users\Lenovo\AppData\Roaming\npm\etc\npmrc
7 verbose title npm install
8 verbose argv "install"
9 verbose logfile logs-max:10 dir:D:\123456\danalog-platform\frontend\.npm-cache\_logs\2025-12-24T01_07_47_044Z-
10 verbose logfile D:\123456\danalog-platform\frontend\.npm-cache\_logs\2025-12-24T01_07_47_044Z-debug-0.log
11 silly logfile start cleaning logs, removing 1 files
12 silly packumentCache heap:4496293888 maxSize:1124073472 maxEntrySize:562036736
13 silly logfile done cleaning log files
14 silly idealTree buildDeps
15 verbose shrinkwrap failed to load node_modules/.package-lock.json out of date, updated: node_modules
16 silly reify mark retired [
16 silly reify   'D:\\123456\\danalog-platform\\frontend\\node_modules\\acorn',
16 silly reify   'D:\\123456\\danalog-platform\\frontend\\node_modules\\.bin\\acorn',
16 silly reify   'D:\\123456\\danalog-platform\\frontend\\node_modules\\.bin\\acorn.cmd',
16 silly reify   'D:\\123456\\danalog-platform\\frontend\\node_modules\\.bin\\acorn.ps1'
16 silly reify ]
17 silly reify mark retired [
17 silly reify   'D:\\123456\\danalog-platform\\frontend\\node_modules\\baseline-browser-mapping',
17 silly reify   'D:\\123456\\danalog-platform\\frontend\\node_modules\\.bin\\baseline-browser-mapping',
17 silly reify   'D:\\123456\\danalog-platform\\frontend\\node_modules\\.bin\\baseline-browser-mapping.cmd',
17 silly reify   'D:\\123456\\danalog-platform\\frontend\\node_modules\\.bin\\baseline-browser-mapping.ps1'
17 silly reify ]
18 silly reify mark retired [
18 silly reify   'D:\\123456\\danalog-platform\\frontend\\node_modules\\autoprefixer',
18 silly reify   'D:\\123456\\danalog-platform\\frontend\\node_modules\\.bin\\autoprefixer',
18 silly reify   'D:\\123456\\danalog-platform\\frontend\\node_modules\\.bin\\autoprefixer.cmd',
18 silly reify   'D:\\123456\\danalog-platform\\frontend\\node_modules\\.bin\\autoprefixer.ps1'
18 silly reify ]
19 silly reify mark retired [
19 silly reify   'D:\\123456\\danalog-platform\\frontend\\node_modules\\browserslist',
19 silly reify   'D:\\123456\\danalog-platform\\frontend\\node_modules\\.bin\\browserslist',
19 silly reify   'D:\\123456\\danalog-platform\\frontend\\node_modules\\.bin\\browserslist.cmd',
19 silly reify   'D:\\123456\\danalog-platform\\frontend\\node_modules\\.bin\\browserslist.ps1'
19 silly reify ]
20 silly reify mark retired [
20 silly reify   'D:\\123456\\danalog-platform\\frontend\\node_modules\\cssesc',
20 silly reify   'D:\\123456\\danalog-platform\\frontend\\node_modules\\.bin\\cssesc',
20 silly reify   'D:\\123456\\danalog-platform\\frontend\\node_modules\\.bin\\cssesc.cmd',
20 silly reify   'D:\\123456\\danalog-platform\\frontend\\node_modules\\.bin\\cssesc.ps1'
20 silly reify ]
21 silly reify mark retired [
21 silly reify   'D:\\123456\\danalog-platform\\frontend\\node_modules\\crc-32',
21 silly reify   'D:\\123456\\danalog-platform\\frontend\\node_modules\\.bin\\crc32',
21 silly reify   'D:\\123456\\danalog-platform\\frontend\\node_modules\\.bin\\crc32.cmd',
21 silly reify   'D:\\123456\\danalog-platform\\frontend\\node_modules\\.bin\\crc32.ps1'
21 silly reify ]
22 silly reify mark retired [
22 silly reify   'D:\\123456\\danalog-platform\\frontend\\node_modules\\esbuild',
22 silly reify   'D:\\123456\\danalog-platform\\frontend\\node_modules\\.bin\\esbuild',
22 silly reify   'D:\\123456\\danalog-platform\\frontend\\node_modules\\.bin\\esbuild.cmd',
22 silly reify   'D:\\123456\\danalog-platform\\frontend\\node_modules\\.bin\\esbuild.ps1'
22 silly reify ]
23 silly reify mark retired [
23 silly reify   'D:\\123456\\danalog-platform\\frontend\\node_modules\\eslint',
23 silly reify   'D:\\123456\\danalog-platform\\frontend\\node_modules\\.bin\\eslint',
23 silly reify   'D:\\123456\\danalog-platform\\frontend\\node_modules\\.bin\\eslint.cmd',
23 silly reify   'D:\\123456\\danalog-platform\\frontend\\node_modules\\.bin\\eslint.ps1'
23 silly reify ]
24 silly reify mark retired [ 'D:\\123456\\danalog-platform\\frontend\\node_modules\\fsevents' ]
25 silly reify mark retired [
25 silly reify   'D:\\123456\\danalog-platform\\frontend\\node_modules\\js-yaml',
25 silly reify   'D:\\123456\\danalog-platform\\frontend\\node_modules\\.bin\\js-yaml',
25 silly reify   'D:\\123456\\danalog-platform\\frontend\\node_modules\\.bin\\js-yaml.cmd',
25 silly reify   'D:\\123456\\danalog-platform\\frontend\\node_modules\\.bin\\js-yaml.ps1'
25 silly reify ]
26 silly reify mark retired [
26 silly reify   'D:\\123456\\danalog-platform\\frontend\\node_modules\\jiti',
26 silly reify   'D:\\123456\\danalog-platform\\frontend\\node_modules\\.bin\\jiti',
26 silly reify   'D:\\123456\\danalog-platform\\frontend\\node_modules\\.bin\\jiti.cmd',
26 silly reify   'D:\\123456\\danalog-platform\\frontend\\node_modules\\.bin\\jiti.ps1'
26 silly reify ]
27 silly reify mark retired [
27 silly reify   'D:\\123456\\danalog-platform\\frontend\\node_modules\\jsesc',
27 silly reify   'D:\\123456\\danalog-platform\\frontend\\node_modules\\.bin\\jsesc',
27 silly reify   'D:\\123456\\danalog-platform\\frontend\\node_modules\\.bin\\jsesc.cmd',
27 silly reify   'D:\\123456\\danalog-platform\\frontend\\node_modules\\.bin\\jsesc.ps1'
27 silly reify ]
28 silly reify mark retired [
28 silly reify   'D:\\123456\\danalog-platform\\frontend\\node_modules\\json5',
28 silly reify   'D:\\123456\\danalog-platform\\frontend\\node_modules\\.bin\\json5',
28 silly reify   'D:\\123456\\danalog-platform\\frontend\\node_modules\\.bin\\json5.cmd',
28 silly reify   'D:\\123456\\danalog-platform\\frontend\\node_modules\\.bin\\json5.ps1'
28 silly reify ]
29 silly reify mark retired [
29 silly reify   'D:\\123456\\danalog-platform\\frontend\\node_modules\\loose-envify',
29 silly reify   'D:\\123456\\danalog-platform\\frontend\\node_modules\\.bin\\loose-envify',
29 silly reify   'D:\\123456\\danalog-platform\\frontend\\node_modules\\.bin\\loose-envify.cmd',
29 silly reify   'D:\\123456\\danalog-platform\\frontend\\node_modules\\.bin\\loose-envify.ps1'
29 silly reify ]
30 silly reify mark retired [
30 silly reify   'D:\\123456\\danalog-platform\\frontend\\node_modules\\nanoid',
30 silly reify   'D:\\123456\\danalog-platform\\frontend\\node_modules\\.bin\\nanoid',
30 silly reify   'D:\\123456\\danalog-platform\\frontend\\node_modules\\.bin\\nanoid.cmd',
30 silly reify   'D:\\123456\\danalog-platform\\frontend\\node_modules\\.bin\\nanoid.ps1'
30 silly reify ]
31 silly reify mark retired [
31 silly reify   'D:\\123456\\danalog-platform\\frontend\\node_modules\\resolve',
31 silly reify   'D:\\123456\\danalog-platform\\frontend\\node_modules\\.bin\\resolve',
31 silly reify   'D:\\123456\\danalog-platform\\frontend\\node_modules\\.bin\\resolve.cmd',
31 silly reify   'D:\\123456\\danalog-platform\\frontend\\node_modules\\.bin\\resolve.ps1'
31 silly reify ]
32 silly reify mark retired [
32 silly reify   'D:\\123456\\danalog-platform\\frontend\\node_modules\\rimraf',
32 silly reify   'D:\\123456\\danalog-platform\\frontend\\node_modules\\.bin\\rimraf',
32 silly reify   'D:\\123456\\danalog-platform\\frontend\\node_modules\\.bin\\rimraf.cmd',
32 silly reify   'D:\\123456\\danalog-platform\\frontend\\node_modules\\.bin\\rimraf.ps1'
32 silly reify ]
33 silly reify mark retired [
33 silly reify   'D:\\123456\\danalog-platform\\frontend\\node_modules\\rollup',
33 silly reify   'D:\\123456\\danalog-platform\\frontend\\node_modules\\.bin\\rollup',
33 silly reify   'D:\\123456\\danalog-platform\\frontend\\node_modules\\.bin\\rollup.cmd',
33 silly reify   'D:\\123456\\danalog-platform\\frontend\\node_modules\\.bin\\rollup.ps1'
33 silly reify ]
34 silly reify mark retired [
34 silly reify   'D:\\123456\\danalog-platform\\frontend\\node_modules\\semver',
34 silly reify   'D:\\123456\\danalog-platform\\frontend\\node_modules\\.bin\\semver',
34 silly reify   'D:\\123456\\danalog-platform\\frontend\\node_modules\\.bin\\semver.cmd',
34 silly reify   'D:\\123456\\danalog-platform\\frontend\\node_modules\\.bin\\semver.ps1'
34 silly reify ]
35 silly reify mark retired [
35 silly reify   'D:\\123456\\danalog-platform\\frontend\\node_modules\\sucrase',
35 silly reify   'D:\\123456\\danalog-platform\\frontend\\node_modules\\.bin\\sucrase',
35 silly reify   'D:\\123456\\danalog-platform\\frontend\\node_modules\\.bin\\sucrase.cmd',
35 silly reify   'D:\\123456\\danalog-platform\\frontend\\node_modules\\.bin\\sucrase.ps1',
35 silly reify   'D:\\123456\\danalog-platform\\frontend\\node_modules\\.bin\\sucrase-node',
35 silly reify   'D:\\123456\\danalog-platform\\frontend\\node_modules\\.bin\\sucrase-node.cmd',
35 silly reify   'D:\\123456\\danalog-platform\\frontend\\node_modules\\.bin\\sucrase-node.ps1'
35 silly reify ]
36 silly reify mark retired [
36 silly reify   'D:\\123456\\danalog-platform\\frontend\\node_modules\\tailwindcss',
36 silly reify   'D:\\123456\\danalog-platform\\frontend\\node_modules\\.bin\\tailwind',
36 silly reify   'D:\\123456\\danalog-platform\\frontend\\node_modules\\.bin\\tailwind.cmd',
36 silly reify   'D:\\123456\\danalog-platform\\frontend\\node_modules\\.bin\\tailwind.ps1',
36 silly reify   'D:\\123456\\danalog-platform\\frontend\\node_modules\\.bin\\tailwindcss',
36 silly reify   'D:\\123456\\danalog-platform\\frontend\\node_modules\\.bin\\tailwindcss.cmd',
36 silly reify   'D:\\123456\\danalog-platform\\frontend\\node_modules\\.bin\\tailwindcss.ps1'
36 silly reify ]
37 silly reify mark retired [
37 silly reify   'D:\\123456\\danalog-platform\\frontend\\node_modules\\typescript',
37 silly reify   'D:\\123456\\danalog-platform\\frontend\\node_modules\\.bin\\tsc',
37 silly reify   'D:\\123456\\danalog-platform\\frontend\\node_modules\\.bin\\tsc.cmd',
37 silly reify   'D:\\123456\\danalog-platform\\frontend\\node_modules\\.bin\\tsc.ps1',
37 silly reify   'D:\\123456\\danalog-platform\\frontend\\node_modules\\.bin\\tsserver',
37 silly reify   'D:\\123456\\danalog-platform\\frontend\\node_modules\\.bin\\tsserver.cmd',
37 silly reify   'D:\\123456\\danalog-platform\\frontend\\node_modules\\.bin\\tsserver.ps1'
37 silly reify ]
38 silly reify mark retired [
38 silly reify   'D:\\123456\\danalog-platform\\frontend\\node_modules\\vite',
38 silly reify   'D:\\123456\\danalog-platform\\frontend\\node_modules\\.bin\\vite',
38 silly reify   'D:\\123456\\danalog-platform\\frontend\\node_modules\\.bin\\vite.cmd',
38 silly reify   'D:\\123456\\danalog-platform\\frontend\\node_modules\\.bin\\vite.ps1'
38 silly reify ]
39 silly reify mark retired [
39 silly reify   'D:\\123456\\danalog-platform\\frontend\\node_modules\\which',
39 silly reify   'D:\\123456\\danalog-platform\\frontend\\node_modules\\.bin\\node-which',
39 silly reify   'D:\\123456\\danalog-platform\\frontend\\node_modules\\.bin\\node-which.cmd',
39 silly reify   'D:\\123456\\danalog-platform\\frontend\\node_modules\\.bin\\node-which.ps1'
39 silly reify ]
40 silly reify mark retired [
40 silly reify   'D:\\123456\\danalog-platform\\frontend\\node_modules\\@babel\\core\\node_modules\\semver',
40 silly reify   'D:\\123456\\danalog-platform\\frontend\\node_modules\\@babel\\core\\node_modules\\.bin\\semver',
40 silly reify   'D:\\123456\\danalog-platform\\frontend\\node_modules\\@babel\\core\\node_modules\\.bin\\semver.cmd',
40 silly reify   'D:\\123456\\danalog-platform\\frontend\\node_modules\\@babel\\core\\node_modules\\.bin\\semver.ps1'
40 silly reify ]
41 silly reify mark retired [
41 silly reify   'D:\\123456\\danalog-platform\\frontend\\node_modules\\@babel\\helper-compilation-targets\\node_modules\\semver',
41 silly reify   'D:\\123456\\danalog-platform\\frontend\\node_modules\\@babel\\helper-compilation-targets\\node_modules\\.bin\\semver',
41 silly reify   'D:\\123456\\danalog-platform\\frontend\\node_modules\\@babel\\helper-compilation-targets\\node_modules\\.bin\\semver.cmd',
41 silly reify   'D:\\123456\\danalog-platform\\frontend\\node_modules\\@babel\\helper-compilation-targets\\node_modules\\.bin\\semver.ps1'
41 silly reify ]
42 silly reify mark retired [
42 silly reify   'D:\\123456\\danalog-platform\\frontend\\node_modules\\update-browserslist-db',
42 silly reify   'D:\\123456\\danalog-platform\\frontend\\node_modules\\.bin\\update-browserslist-db',
42 silly reify   'D:\\123456\\danalog-platform\\frontend\\node_modules\\.bin\\update-browserslist-db.cmd',
42 silly reify   'D:\\123456\\danalog-platform\\frontend\\node_modules\\.bin\\update-browserslist-db.ps1'
42 silly reify ]
43 silly reify mark retired [
43 silly reify   'D:\\123456\\danalog-platform\\frontend\\node_modules\\xlsx',
43 silly reify   'D:\\123456\\danalog-platform\\frontend\\node_modules\\.bin\\xlsx',
43 silly reify   'D:\\123456\\danalog-platform\\frontend\\node_modules\\.bin\\xlsx.cmd',
43 silly reify   'D:\\123456\\danalog-platform\\frontend\\node_modules\\.bin\\xlsx.ps1'
43 silly reify ]
44 silly reify mark retired [
44 silly reify   'D:\\123456\\danalog-platform\\frontend\\node_modules\\@babel\\parser',
44 silly reify   'D:\\123456\\danalog-platform\\frontend\\node_modules\\.bin\\parser',
44 silly reify   'D:\\123456\\danalog-platform\\frontend\\node_modules\\.bin\\parser.cmd',
44 silly reify   'D:\\123456\\danalog-platform\\frontend\\node_modules\\.bin\\parser.ps1'
44 silly reify ]
45 silly reify mark retired [
45 silly reify   'D:\\123456\\danalog-platform\\frontend\\node_modules\\@esbuild\\darwin-arm64'
45 silly reify ]
46 silly reify mark retired [
46 silly reify   'D:\\123456\\danalog-platform\\frontend\\node_modules\\@rollup\\rollup-darwin-arm64'
46 silly reify ]
47 silly reify moves {
47 silly reify   'D:\\123456\\danalog-platform\\frontend\\node_modules\\acorn': 'D:\\123456\\danalog-platform\\frontend\\node_modules\\.acorn-sjcHBrR4',
47 silly reify   'D:\\123456\\danalog-platform\\frontend\\node_modules\\.bin\\acorn': 'D:\\123456\\danalog-platform\\frontend\\node_modules\\.bin\\.acorn-IV5SCHG0',
47 silly reify   'D:\\123456\\danalog-platform\\frontend\\node_modules\\.bin\\acorn.cmd': 'D:\\123456\\danalog-platform\\frontend\\node_modules\\.bin\\.acorn.cmd-idYmgnTP',
47 silly reify   'D:\\123456\\danalog-platform\\frontend\\node_modules\\.bin\\acorn.ps1': 'D:\\123456\\danalog-platform\\frontend\\node_modules\\.bin\\.acorn.ps1-LQNvnspy',
47 silly reify   'D:\\123456\\danalog-platform\\frontend\\node_modules\\baseline-browser-mapping': 'D:\\123456\\danalog-platform\\frontend\\node_modules\\.baseline-browser-mapping-5KUw5leu',
47 silly reify   'D:\\123456\\danalog-platform\\frontend\\node_modules\\.bin\\baseline-browser-mapping': 'D:\\123456\\danalog-platform\\frontend\\node_modules\\.bin\\.baseline-browser-mapping-KEOn2Zzn',
47 silly reify   'D:\\123456\\danalog-platform\\frontend\\node_modules\\.bin\\baseline-browser-mapping.cmd': 'D:\\123456\\danalog-platform\\frontend\\node_modules\\.bin\\.baseline-browser-mapping.cmd-epXT2PFf',
47 silly reify   'D:\\123456\\danalog-platform\\frontend\\node_modules\\.bin\\baseline-browser-mapping.ps1': 'D:\\123456\\danalog-platform\\frontend\\node_modules\\.bin\\.baseline-browser-mapping.ps1-xn89CIyj',
47 silly reify   'D:\\123456\\danalog-platform\\frontend\\node_modules\\autoprefixer': 'D:\\123456\\danalog-platform\\frontend\\node_modules\\.autoprefixer-yQSN04vQ',
47 silly reify   'D:\\123456\\danalog-platform\\frontend\\node_modules\\.bin\\autoprefixer': 'D:\\123456\\danalog-platform\\frontend\\node_modules\\.bin\\.autoprefixer-UG0hr8EP',
47 silly reify   'D:\\123456\\danalog-platform\\frontend\\node_modules\\.bin\\autoprefixer.cmd': 'D:\\123456\\danalog-platform\\frontend\\node_modules\\.bin\\.autoprefixer.cmd-XzrSamDu',
47 silly reify   'D:\\123456\\danalog-platform\\frontend\\node_modules\\.bin\\autoprefixer.ps1': 'D:\\123456\\danalog-platform\\frontend\\node_modules\\.bin\\.autoprefixer.ps1-c8djPEVx',
47 silly reify   'D:\\123456\\danalog-platform\\frontend\\node_modules\\browserslist': 'D:\\123456\\danalog-platform\\frontend\\node_modules\\.browserslist-SSH5Qapt',
47 silly reify   'D:\\123456\\danalog-platform\\frontend\\node_modules\\.bin\\browserslist': 'D:\\123456\\danalog-platform\\frontend\\node_modules\\.bin\\.browserslist-xLd8fDvL',
47 silly reify   'D:\\123456\\danalog-platform\\frontend\\node_modules\\.bin\\browserslist.cmd': 'D:\\123456\\danalog-platform\\frontend\\node_modules\\.bin\\.browserslist.cmd-snQQTH4k',
47 silly reify   'D:\\123456\\danalog-platform\\frontend\\node_modules\\.bin\\browserslist.ps1': 'D:\\123456\\danalog-platform\\frontend\\node_modules\\.bin\\.browserslist.ps1-53gHLVba',
47 silly reify   'D:\\123456\\danalog-platform\\frontend\\node_modules\\cssesc': 'D:\\123456\\danalog-platform\\frontend\\node_modules\\.cssesc-qLKL1dpq',
47 silly reify   'D:\\123456\\danalog-platform\\frontend\\node_modules\\.bin\\cssesc': 'D:\\123456\\danalog-platform\\frontend\\node_modules\\.bin\\.cssesc-A4vtZJj6',
47 silly reify   'D:\\123456\\danalog-platform\\frontend\\node_modules\\.bin\\cssesc.cmd': 'D:\\123456\\danalog-platform\\frontend\\node_modules\\.bin\\.cssesc.cmd-sjuOTqeV',
47 silly reify   'D:\\123456\\danalog-platform\\frontend\\node_modules\\.bin\\cssesc.ps1': 'D:\\123456\\danalog-platform\\frontend\\node_modules\\.bin\\.cssesc.ps1-50U7XGf7',
47 silly reify   'D:\\123456\\danalog-platform\\frontend\\node_modules\\crc-32': 'D:\\123456\\danalog-platform\\frontend\\node_modules\\.crc-32-gqBo94s6',
47 silly reify   'D:\\123456\\danalog-platform\\frontend\\node_modules\\.bin\\crc32': 'D:\\123456\\danalog-platform\\frontend\\node_modules\\.bin\\.crc32-ckP9c1br',
47 silly reify   'D:\\123456\\danalog-platform\\frontend\\node_modules\\.bin\\crc32.cmd': 'D:\\123456\\danalog-platform\\frontend\\node_modules\\.bin\\.crc32.cmd-UVIOa5fd',
47 silly reify   'D:\\123456\\danalog-platform\\frontend\\node_modules\\.bin\\crc32.ps1': 'D:\\123456\\danalog-platform\\frontend\\node_modules\\.bin\\.crc32.ps1-Il6Dsank',
47 silly reify   'D:\\123456\\danalog-platform\\frontend\\node_modules\\esbuild': 'D:\\123456\\danalog-platform\\frontend\\node_modules\\.esbuild-FdY7ZoOa',
47 silly reify   'D:\\123456\\danalog-platform\\frontend\\node_modules\\.bin\\esbuild': 'D:\\123456\\danalog-platform\\frontend\\node_modules\\.bin\\.esbuild-fxOPcj9y',
47 silly reify   'D:\\123456\\danalog-platform\\frontend\\node_modules\\.bin\\esbuild.cmd': 'D:\\123456\\danalog-platform\\frontend\\node_modules\\.bin\\.esbuild.cmd-8kpk2MaM',
47 silly reify   'D:\\123456\\danalog-platform\\frontend\\node_modules\\.bin\\esbuild.ps1': 'D:\\123456\\danalog-platform\\frontend\\node_modules\\.bin\\.esbuild.ps1-YcPkNc5y',
47 silly reify   'D:\\123456\\danalog-platform\\frontend\\node_modules\\eslint': 'D:\\123456\\danalog-platform\\frontend\\node_modules\\.eslint-LxiAHwEt',
47 silly reify   'D:\\123456\\danalog-platform\\frontend\\node_modules\\.bin\\eslint': 'D:\\123456\\danalog-platform\\frontend\\node_modules\\.bin\\.eslint-6WQPIXHr',
47 silly reify   'D:\\123456\\danalog-platform\\frontend\\node_modules\\.bin\\eslint.cmd': 'D:\\123456\\danalog-platform\\frontend\\node_modules\\.bin\\.eslint.cmd-AtufzU7I',
47 silly reify   'D:\\123456\\danalog-platform\\frontend\\node_modules\\.bin\\eslint.ps1': 'D:\\123456\\danalog-platform\\frontend\\node_modules\\.bin\\.eslint.ps1-8bZk7nQa',
47 silly reify   'D:\\123456\\danalog-platform\\frontend\\node_modules\\fsevents': 'D:\\123456\\danalog-platform\\frontend\\node_modules\\.fsevents-ZhDmzQDA',
47 silly reify   'D:\\123456\\danalog-platform\\frontend\\node_modules\\js-yaml': 'D:\\123456\\danalog-platform\\frontend\\node_modules\\.js-yaml-LC4H2EXa',
47 silly reify   'D:\\123456\\danalog-platform\\frontend\\node_modules\\.bin\\js-yaml': 'D:\\123456\\danalog-platform\\frontend\\node_modules\\.bin\\.js-yaml-16xc0L4H',
47 silly reify   'D:\\123456\\danalog-platform\\frontend\\node_modules\\.bin\\js-yaml.cmd': 'D:\\123456\\danalog-platform\\frontend\\node_modules\\.bin\\.js-yaml.cmd-S7rHyVQc',
47 silly reify   'D:\\123456\\danalog-platform\\frontend\\node_modules\\.bin\\js-yaml.ps1': 'D:\\123456\\danalog-platform\\frontend\\node_modules\\.bin\\.js-yaml.ps1-qW7BjAsu',
47 silly reify   'D:\\123456\\danalog-platform\\frontend\\node_modules\\jiti': 'D:\\123456\\danalog-platform\\frontend\\node_modules\\.jiti-ONd5FAnV',
47 silly reify   'D:\\123456\\danalog-platform\\frontend\\node_modules\\.bin\\jiti': 'D:\\123456\\danalog-platform\\frontend\\node_modules\\.bin\\.jiti-Yjzna9wl',
47 silly reify   'D:\\123456\\danalog-platform\\frontend\\node_modules\\.bin\\jiti.cmd': 'D:\\123456\\danalog-platform\\frontend\\node_modules\\.bin\\.jiti.cmd-5ZsSylms',
47 silly reify   'D:\\123456\\danalog-platform\\frontend\\node_modules\\.bin\\jiti.ps1': 'D:\\123456\\danalog-platform\\frontend\\node_modules\\.bin\\.jiti.ps1-VcOM8Qoe',
47 silly reify   'D:\\123456\\danalog-platform\\frontend\\node_modules\\jsesc': 'D:\\123456\\danalog-platform\\frontend\\node_modules\\.jsesc-8xEAp8yX',
47 silly reify   'D:\\123456\\danalog-platform\\frontend\\node_modules\\.bin\\jsesc': 'D:\\123456\\danalog-platform\\frontend\\node_modules\\.bin\\.jsesc-xJRUWr4M',
47 silly reify   'D:\\123456\\danalog-platform\\frontend\\node_modules\\.bin\\jsesc.cmd': 'D:\\123456\\danalog-platform\\frontend\\node_modules\\.bin\\.jsesc.cmd-K5UCMhgX',
47 silly reify   'D:\\123456\\danalog-platform\\frontend\\node_modules\\.bin\\jsesc.ps1': 'D:\\123456\\danalog-platform\\frontend\\node_modules\\.bin\\.jsesc.ps1-8bhjqcEF',
47 silly reify   'D:\\123456\\danalog-platform\\frontend\\node_modules\\json5': 'D:\\123456\\danalog-platform\\frontend\\node_modules\\.json5-UTGCPetm',
47 silly reify   'D:\\123456\\danalog-platform\\frontend\\node_modules\\.bin\\json5': 'D:\\123456\\danalog-platform\\frontend\\node_modules\\.bin\\.json5-CxwdDHv3',
47 silly reify   'D:\\123456\\danalog-platform\\frontend\\node_modules\\.bin\\json5.cmd': 'D:\\123456\\danalog-platform\\frontend\\node_modules\\.bin\\.json5.cmd-WrAaQv9D',
47 silly reify   'D:\\123456\\danalog-platform\\frontend\\node_modules\\.bin\\json5.ps1': 'D:\\123456\\danalog-platform\\frontend\\node_modules\\.bin\\.json5.ps1-DJgiMOiK',
47 silly reify   'D:\\123456\\danalog-platform\\frontend\\node_modules\\loose-envify': 'D:\\123456\\danalog-platform\\frontend\\node_modules\\.loose-envify-snjXYAkD',
47 silly reify   'D:\\123456\\danalog-platform\\frontend\\node_modules\\.bin\\loose-envify': 'D:\\123456\\danalog-platform\\frontend\\node_modules\\.bin\\.loose-envify-RrUsdyFA',
47 silly reify   'D:\\123456\\danalog-platform\\frontend\\node_modules\\.bin\\loose-envify.cmd': 'D:\\123456\\danalog-platform\\frontend\\node_modules\\.bin\\.loose-envify.cmd-sNzqVIho',
47 silly reify   'D:\\123456\\danalog-platform\\frontend\\node_modules\\.bin\\loose-envify.ps1': 'D:\\123456\\danalog-platform\\frontend\\node_modules\\.bin\\.loose-envify.ps1-XjyAiYe1',
47 silly reify   'D:\\123456\\danalog-platform\\frontend\\node_modules\\nanoid': 'D:\\123456\\danalog-platform\\frontend\\node_modules\\.nanoid-nqoIwbrp',
47 silly reify   'D:\\123456\\danalog-platform\\frontend\\node_modules\\.bin\\nanoid': 'D:\\123456\\danalog-platform\\frontend\\node_modules\\.bin\\.nanoid-lNyy78vq',
47 silly reify   'D:\\123456\\danalog-platform\\frontend\\node_modules\\.bin\\nanoid.cmd': 'D:\\123456\\danalog-platform\\frontend\\node_modules\\.bin\\.nanoid.cmd-kfulyBfZ',
47 silly reify   'D:\\123456\\danalog-platform\\frontend\\node_modules\\.bin\\nanoid.ps1': 'D:\\123456\\danalog-platform\\frontend\\node_modules\\.bin\\.nanoid.ps1-lTXuAjYH',
47 silly reify   'D:\\123456\\danalog-platform\\frontend\\node_modules\\resolve': 'D:\\123456\\danalog-platform\\frontend\\node_modules\\.resolve-3E2ydna3',
47 silly reify   'D:\\123456\\danalog-platform\\frontend\\node_modules\\.bin\\resolve': 'D:\\123456\\danalog-platform\\frontend\\node_modules\\.bin\\.resolve-xrnNcA1V',
47 silly reify   'D:\\123456\\danalog-platform\\frontend\\node_modules\\.bin\\resolve.cmd': 'D:\\123456\\danalog-platform\\frontend\\node_modules\\.bin\\.resolve.cmd-o5WR1vxL',
47 silly reify   'D:\\123456\\danalog-platform\\frontend\\node_modules\\.bin\\resolve.ps1': 'D:\\123456\\danalog-platform\\frontend\\node_modules\\.bin\\.resolve.ps1-PE2mSdJX',
47 silly reify   'D:\\123456\\danalog-platform\\frontend\\node_modules\\rimraf': 'D:\\123456\\danalog-platform\\frontend\\node_modules\\.rimraf-npVEv65v',
47 silly reify   'D:\\123456\\danalog-platform\\frontend\\node_modules\\.bin\\rimraf': 'D:\\123456\\danalog-platform\\frontend\\node_modules\\.bin\\.rimraf-3mPNw6QV',
47 silly reify   'D:\\123456\\danalog-platform\\frontend\\node_modules\\.bin\\rimraf.cmd': 'D:\\123456\\danalog-platform\\frontend\\node_modules\\.bin\\.rimraf.cmd-RCkOYbHf',
47 silly reify   'D:\\123456\\danalog-platform\\frontend\\node_modules\\.bin\\rimraf.ps1': 'D:\\123456\\danalog-platform\\frontend\\node_modules\\.bin\\.rimraf.ps1-4HbEkamj',
47 silly reify   'D:\\123456\\danalog-platform\\frontend\\node_modules\\rollup': 'D:\\123456\\danalog-platform\\frontend\\node_modules\\.rollup-D9kAhgs6',
47 silly reify   'D:\\123456\\danalog-platform\\frontend\\node_modules\\.bin\\rollup': 'D:\\123456\\danalog-platform\\frontend\\node_modules\\.bin\\.rollup-xlGxgput',
47 silly reify   'D:\\123456\\danalog-platform\\frontend\\node_modules\\.bin\\rollup.cmd': 'D:\\123456\\danalog-platform\\frontend\\node_modules\\.bin\\.rollup.cmd-tfae4F7R',
47 silly reify   'D:\\123456\\danalog-platform\\frontend\\node_modules\\.bin\\rollup.ps1': 'D:\\123456\\danalog-platform\\frontend\\node_modules\\.bin\\.rollup.ps1-lKdOqcjT',
47 silly reify   'D:\\123456\\danalog-platform\\frontend\\node_modules\\semver': 'D:\\123456\\danalog-platform\\frontend\\node_modules\\.semver-hY0J7oF0',
47 silly reify   'D:\\123456\\danalog-platform\\frontend\\node_modules\\.bin\\semver': 'D:\\123456\\danalog-platform\\frontend\\node_modules\\.bin\\.semver-cFrNirmQ',
47 silly reify   'D:\\123456\\danalog-platform\\frontend\\node_modules\\.bin\\semver.cmd': 'D:\\123456\\danalog-platform\\frontend\\node_modules\\.bin\\.semver.cmd-VreoSxqT',
47 silly reify   'D:\\123456\\danalog-platform\\frontend\\node_modules\\.bin\\semver.ps1': 'D:\\123456\\danalog-platform\\frontend\\node_modules\\.bin\\.semver.ps1-oS9VWYuz',
47 silly reify   'D:\\123456\\danalog-platform\\frontend\\node_modules\\sucrase': 'D:\\123456\\danalog-platform\\frontend\\node_modules\\.sucrase-r5GvZuIg',
47 silly reify   'D:\\123456\\danalog-platform\\frontend\\node_modules\\.bin\\sucrase': 'D:\\123456\\danalog-platform\\frontend\\node_modules\\.bin\\.sucrase-BsSXTO6m',
47 silly reify   'D:\\123456\\danalog-platform\\frontend\\node_modules\\.bin\\sucrase.cmd': 'D:\\123456\\danalog-platform\\frontend\\node_modules\\.bin\\.sucrase.cmd-RrTQ7Nlq',
47 silly reify   'D:\\123456\\danalog-platform\\frontend\\node_modules\\.bin\\sucrase.ps1': 'D:\\123456\\danalog-platform\\frontend\\node_modules\\.bin\\.sucrase.ps1-9vU3oLs2',
47 silly reify   'D:\\123456\\danalog-platform\\frontend\\node_modules\\.bin\\sucrase-node': 'D:\\123456\\danalog-platform\\frontend\\node_modules\\.bin\\.sucrase-node-iGzo7eJI',
47 silly reify   'D:\\123456\\danalog-platform\\frontend\\node_modules\\.bin\\sucrase-node.cmd': 'D:\\123456\\danalog-platform\\frontend\\node_modules\\.bin\\.sucrase-node.cmd-YYJCwauP',
47 silly reify   'D:\\123456\\danalog-platform\\frontend\\node_modules\\.bin\\sucrase-node.ps1': 'D:\\123456\\danalog-platform\\frontend\\node_modules\\.bin\\.sucrase-node.ps1-TVbABwvx',
47 silly reify   'D:\\123456\\danalog-platform\\frontend\\node_modules\\tailwindcss': 'D:\\123456\\danalog-platform\\frontend\\node_modules\\.tailwindcss-lXIisqc5',
47 silly reify   'D:\\123456\\danalog-platform\\frontend\\node_modules\\.bin\\tailwind': 'D:\\123456\\danalog-platform\\frontend\\node_modules\\.bin\\.tailwind-UaAJWb9F',
47 silly reify   'D:\\123456\\danalog-platform\\frontend\\node_modules\\.bin\\tailwind.cmd': 'D:\\123456\\danalog-platform\\frontend\\node_modules\\.bin\\.tailwind.cmd-bdNiwFYW',
47 silly reify   'D:\\123456\\danalog-platform\\frontend\\node_modules\\.bin\\tailwind.ps1': 'D:\\123456\\danalog-platform\\frontend\\node_modules\\.bin\\.tailwind.ps1-5CraROMP',
47 silly reify   'D:\\123456\\danalog-platform\\frontend\\node_modules\\.bin\\tailwindcss': 'D:\\123456\\danalog-platform\\frontend\\node_modules\\.bin\\.tailwindcss-zxaz2b2J',
47 silly reify   'D:\\123456\\danalog-platform\\frontend\\node_modules\\.bin\\tailwindcss.cmd': 'D:\\123456\\danalog-platform\\frontend\\node_modules\\.bin\\.tailwindcss.cmd-CE3tl0kt',
47 silly reify   'D:\\123456\\danalog-platform\\frontend\\node_modules\\.bin\\tailwindcss.ps1': 'D:\\123456\\danalog-platform\\frontend\\node_modules\\.bin\\.tailwindcss.ps1-BIgIquRE',
47 silly reify   'D:\\123456\\danalog-platform\\frontend\\node_modules\\typescript': 'D:\\123456\\danalog-platform\\frontend\\node_modules\\.typescript-KN5uV1Df',
47 silly reify   'D:\\123456\\danalog-platform\\frontend\\node_modules\\.bin\\tsc': 'D:\\123456\\danalog-platform\\frontend\\node_modules\\.bin\\.tsc-1HMNn5MI',
47 silly reify   'D:\\123456\\danalog-platform\\frontend\\node_modules\\.bin\\tsc.cmd': 'D:\\123456\\danalog-platform\\frontend\\node_modules\\.bin\\.tsc.cmd-hB5d5xtY',
47 silly reify   'D:\\123456\\danalog-platform\\frontend\\node_modules\\.bin\\tsc.ps1': 'D:\\123456\\danalog-platform\\frontend\\node_modules\\.bin\\.tsc.ps1-V8oxoJT9',
47 silly reify   'D:\\123456\\danalog-platform\\frontend\\node_modules\\.bin\\tsserver': 'D:\\123456\\danalog-platform\\frontend\\node_modules\\.bin\\.tsserver-tdRih4TQ',
47 silly reify   'D:\\123456\\danalog-platform\\frontend\\node_modules\\.bin\\tsserver.cmd': 'D:\\123456\\danalog-platform\\frontend\\node_modules\\.bin\\.tsserver.cmd-Syek6TlV',
47 silly reify   'D:\\123456\\danalog-platform\\frontend\\node_modules\\.bin\\tsserver.ps1': 'D:\\123456\\danalog-platform\\frontend\\node_modules\\.bin\\.tsserver.ps1-Pgu4vV4y',
47 silly reify   'D:\\123456\\danalog-platform\\frontend\\node_modules\\vite': 'D:\\123456\\danalog-platform\\frontend\\node_modules\\.vite-nq8SAWrf',
47 silly reify   'D:\\123456\\danalog-platform\\frontend\\node_modules\\.bin\\vite': 'D:\\123456\\danalog-platform\\frontend\\node_modules\\.bin\\.vite-aEYrOowl',
47 silly reify   'D:\\123456\\danalog-platform\\frontend\\node_modules\\.bin\\vite.cmd': 'D:\\123456\\danalog-platform\\frontend\\node_modules\\.bin\\.vite.cmd-iYGtP7sA',
47 silly reify   'D:\\123456\\danalog-platform\\frontend\\node_modules\\.bin\\vite.ps1': 'D:\\123456\\danalog-platform\\frontend\\node_modules\\.bin\\.vite.ps1-AnGhlp46',
47 silly reify   'D:\\123456\\danalog-platform\\frontend\\node_modules\\which': 'D:\\123456\\danalog-platform\\frontend\\node_modules\\.which-S1jvtZot',
47 silly reify   'D:\\123456\\danalog-platform\\frontend\\node_modules\\.bin\\node-which': 'D:\\123456\\danalog-platform\\frontend\\node_modules\\.bin\\.node-which-PhiSJ15x',
47 silly reify   'D:\\123456\\danalog-platform\\frontend\\node_modules\\.bin\\node-which.cmd': 'D:\\123456\\danalog-platform\\frontend\\node_modules\\.bin\\.node-which.cmd-3jwoxPkm',
47 silly reify   'D:\\123456\\danalog-platform\\frontend\\node_modules\\.bin\\node-which.ps1': 'D:\\123456\\danalog-platform\\frontend\\node_modules\\.bin\\.node-which.ps1-0nrvMNPN',
47 silly reify   'D:\\123456\\danalog-platform\\frontend\\node_modules\\@babel\\core\\node_modules\\semver': 'D:\\123456\\danalog-platform\\frontend\\node_modules\\@babel\\core\\node_modules\\.semver-5ku5fyFP',
47 silly reify   'D:\\123456\\danalog-platform\\frontend\\node_modules\\@babel\\core\\node_modules\\.bin\\semver': 'D:\\123456\\danalog-platform\\frontend\\node_modules\\@babel\\core\\node_modules\\.bin\\.semver-ZTHRORlH',
47 silly reify   'D:\\123456\\danalog-platform\\frontend\\node_modules\\@babel\\core\\node_modules\\.bin\\semver.cmd': 'D:\\123456\\danalog-platform\\frontend\\node_modules\\@babel\\core\\node_modules\\.bin\\.semver.cmd-x1MEZ6V2',
47 silly reify   'D:\\123456\\danalog-platform\\frontend\\node_modules\\@babel\\core\\node_modules\\.bin\\semver.ps1': 'D:\\123456\\danalog-platform\\frontend\\node_modules\\@babel\\core\\node_modules\\.bin\\.semver.ps1-0XwhSCiY',
47 silly reify   'D:\\123456\\danalog-platform\\frontend\\node_modules\\@babel\\helper-compilation-targets\\node_modules\\semver': 'D:\\123456\\danalog-platform\\frontend\\node_modules\\@babel\\helper-compilation-targets\\node_modules\\.semver-gl9BrvCr',
47 silly reify   'D:\\123456\\danalog-platform\\frontend\\node_modules\\@babel\\helper-compilation-targets\\node_modules\\.bin\\semver': 'D:\\123456\\danalog-platform\\frontend\\node_modules\\@babel\\helper-compilation-targets\\node_modules\\.bin\\.semver-n2kUYCBF',
47 silly reify   'D:\\123456\\danalog-platform\\frontend\\node_modules\\@babel\\helper-compilation-targets\\node_modules\\.bin\\semver.cmd': 'D:\\123456\\danalog-platform\\frontend\\node_modules\\@babel\\helper-compilation-targets\\node_modules\\.bin\\.semver.cmd-PdSWTuRg',
47 silly reify   'D:\\123456\\danalog-platform\\frontend\\node_modules\\@babel\\helper-compilation-targets\\node_modules\\.bin\\semver.ps1': 'D:\\123456\\danalog-platform\\frontend\\node_modules\\@babel\\helper-compilation-targets\\node_modules\\.bin\\.semver.ps1-jZllUSV8',
47 silly reify   'D:\\123456\\danalog-platform\\frontend\\node_modules\\update-browserslist-db': 'D:\\123456\\danalog-platform\\frontend\\node_modules\\.update-browserslist-db-vkbvMpnj',
47 silly reify   'D:\\123456\\danalog-platform\\frontend\\node_modules\\.bin\\update-browserslist-db': 'D:\\123456\\danalog-platform\\frontend\\node_modules\\.bin\\.update-browserslist-db-wGWrOw4c',
47 silly reify   'D:\\123456\\danalog-platform\\frontend\\node_modules\\.bin\\update-browserslist-db.cmd': 'D:\\123456\\danalog-platform\\frontend\\node_modules\\.bin\\.update-browserslist-db.cmd-ThJfROAO',
47 silly reify   'D:\\123456\\danalog-platform\\frontend\\node_modules\\.bin\\update-browserslist-db.ps1': 'D:\\123456\\danalog-platform\\frontend\\node_modules\\.bin\\.update-browserslist-db.ps1-fzmLM6CT',
47 silly reify   'D:\\123456\\danalog-platform\\frontend\\node_modules\\xlsx': 'D:\\123456\\danalog-platform\\frontend\\node_modules\\.xlsx-SN83uwSp',
47 silly reify   'D:\\123456\\danalog-platform\\frontend\\node_modules\\.bin\\xlsx': 'D:\\123456\\danalog-platform\\frontend\\node_modules\\.bin\\.xlsx-DN1qSR9e',
47 silly reify   'D:\\123456\\danalog-platform\\frontend\\node_modules\\.bin\\xlsx.cmd': 'D:\\123456\\danalog-platform\\frontend\\node_modules\\.bin\\.xlsx.cmd-vKeUHXWd',
47 silly reify   'D:\\123456\\danalog-platform\\frontend\\node_modules\\.bin\\xlsx.ps1': 'D:\\123456\\danalog-platform\\frontend\\node_modules\\.bin\\.xlsx.ps1-u6DkIroM',
47 silly reify   'D:\\123456\\danalog-platform\\frontend\\node_modules\\@babel\\parser': 'D:\\123456\\danalog-platform\\frontend\\node_modules\\@babel\\.parser-B3UeqVpB',
47 silly reify   'D:\\123456\\danalog-platform\\frontend\\node_modules\\.bin\\parser': 'D:\\123456\\danalog-platform\\frontend\\node_modules\\.bin\\.parser-wfigF0sO',
47 silly reify   'D:\\123456\\danalog-platform\\frontend\\node_modules\\.bin\\parser.cmd': 'D:\\123456\\danalog-platform\\frontend\\node_modules\\.bin\\.parser.cmd-1vmcZOKK',
47 silly reify   'D:\\123456\\danalog-platform\\frontend\\node_modules\\.bin\\parser.ps1': 'D:\\123456\\danalog-platform\\frontend\\node_modules\\.bin\\.parser.ps1-d7fqbZD9',
47 silly reify   'D:\\123456\\danalog-platform\\frontend\\node_modules\\@esbuild\\darwin-arm64': 'D:\\123456\\danalog-platform\\frontend\\node_modules\\@esbuild\\.darwin-arm64-RYsJ23i6',
47 silly reify   'D:\\123456\\danalog-platform\\frontend\\node_modules\\@rollup\\rollup-darwin-arm64': 'D:\\123456\\danalog-platform\\frontend\\node_modules\\@rollup\\.rollup-darwin-arm64-YDwK2qqv'
47 silly reify }
48 silly audit bulk request {
48 silly audit   '@alloc/quick-lru': [ '5.2.0' ],
48 silly audit   '@babel/code-frame': [ '7.27.1' ],
48 silly audit   '@babel/compat-data': [ '7.28.5' ],
48 silly audit   '@babel/core': [ '7.28.5' ],
48 silly audit   semver: [ '6.3.1', '7.7.3' ],
48 silly audit   '@babel/generator': [ '7.28.5' ],
48 silly audit   '@babel/helper-compilation-targets': [ '7.27.2' ],
48 silly audit   '@babel/helper-globals': [ '7.28.0' ],
48 silly audit   '@babel/helper-module-imports': [ '7.27.1' ],
48 silly audit   '@babel/helper-module-transforms': [ '7.28.3' ],
48 silly audit   '@babel/helper-plugin-utils': [ '7.27.1' ],
48 silly audit   '@babel/helper-string-parser': [ '7.27.1' ],
48 silly audit   '@babel/helper-validator-identifier': [ '7.28.5' ],
48 silly audit   '@babel/helper-validator-option': [ '7.27.1' ],
48 silly audit   '@babel/helpers': [ '7.28.4' ],
48 silly audit   '@babel/parser': [ '7.28.5' ],
48 silly audit   '@babel/plugin-transform-react-jsx-self': [ '7.27.1' ],
48 silly audit   '@babel/plugin-transform-react-jsx-source': [ '7.27.1' ],
48 silly audit   '@babel/runtime': [ '7.28.4' ],
48 silly audit   '@babel/template': [ '7.27.2' ],
48 silly audit   '@babel/traverse': [ '7.28.5' ],
48 silly audit   '@babel/types': [ '7.28.5' ],
48 silly audit   '@esbuild/aix-ppc64': [ '0.21.5' ],
48 silly audit   '@esbuild/android-arm': [ '0.21.5' ],
48 silly audit   '@esbuild/android-arm64': [ '0.21.5' ],
48 silly audit   '@esbuild/android-x64': [ '0.21.5' ],
48 silly audit   '@esbuild/darwin-arm64': [ '0.21.5' ],
48 silly audit   '@esbuild/darwin-x64': [ '0.21.5' ],
48 silly audit   '@esbuild/freebsd-arm64': [ '0.21.5' ],
48 silly audit   '@esbuild/freebsd-x64': [ '0.21.5' ],
48 silly audit   '@esbuild/linux-arm': [ '0.21.5' ],
48 silly audit   '@esbuild/linux-arm64': [ '0.21.5' ],
48 silly audit   '@esbuild/linux-ia32': [ '0.21.5' ],
48 silly audit   '@esbuild/linux-loong64': [ '0.21.5' ],
48 silly audit   '@esbuild/linux-mips64el': [ '0.21.5' ],
48 silly audit   '@esbuild/linux-ppc64': [ '0.21.5' ],
48 silly audit   '@esbuild/linux-riscv64': [ '0.21.5' ],
48 silly audit   '@esbuild/linux-s390x': [ '0.21.5' ],
48 silly audit   '@esbuild/linux-x64': [ '0.21.5' ],
48 silly audit   '@esbuild/netbsd-x64': [ '0.21.5' ],
48 silly audit   '@esbuild/openbsd-x64': [ '0.21.5' ],
48 silly audit   '@esbuild/sunos-x64': [ '0.21.5' ],
48 silly audit   '@esbuild/win32-arm64': [ '0.21.5' ],
48 silly audit   '@esbuild/win32-ia32': [ '0.21.5' ],
48 silly audit   '@esbuild/win32-x64': [ '0.21.5' ],
48 silly audit   '@eslint-community/eslint-utils': [ '4.9.0' ],
48 silly audit   '@eslint-community/regexpp': [ '4.12.2' ],
48 silly audit   '@eslint/eslintrc': [ '2.1.4' ],
48 silly audit   'brace-expansion': [ '1.1.12', '2.0.2' ],
48 silly audit   minimatch: [ '3.1.2', '9.0.3' ],
48 silly audit   '@eslint/js': [ '8.57.1' ],
48 silly audit   '@fontsource/inter': [ '5.2.8' ],
48 silly audit   '@humanwhocodes/config-array': [ '0.13.0' ],
48 silly audit   '@humanwhocodes/module-importer': [ '1.0.1' ],
48 silly audit   '@humanwhocodes/object-schema': [ '2.0.3' ],
48 silly audit   '@jridgewell/gen-mapping': [ '0.3.13' ],
48 silly audit   '@jridgewell/remapping': [ '2.3.5' ],
48 silly audit   '@jridgewell/resolve-uri': [ '3.1.2' ],
48 silly audit   '@jridgewell/sourcemap-codec': [ '1.5.5' ],
48 silly audit   '@jridgewell/trace-mapping': [ '0.3.31' ],
48 silly audit   '@nodelib/fs.scandir': [ '2.1.5' ],
48 silly audit   '@nodelib/fs.stat': [ '2.0.5' ],
48 silly audit   '@nodelib/fs.walk': [ '1.2.8' ],
48 silly audit   '@rolldown/pluginutils': [ '1.0.0-beta.27' ],
48 silly audit   '@rollup/rollup-android-arm-eabi': [ '4.54.0' ],
48 silly audit   '@rollup/rollup-android-arm64': [ '4.54.0' ],
48 silly audit   '@rollup/rollup-darwin-arm64': [ '4.54.0' ],
48 silly audit   '@rollup/rollup-darwin-x64': [ '4.54.0' ],
48 silly audit   '@rollup/rollup-freebsd-arm64': [ '4.54.0' ],
48 silly audit   '@rollup/rollup-freebsd-x64': [ '4.54.0' ],
48 silly audit   '@rollup/rollup-linux-arm-gnueabihf': [ '4.54.0' ],
48 silly audit   '@rollup/rollup-linux-arm-musleabihf': [ '4.54.0' ],
48 silly audit   '@rollup/rollup-linux-arm64-gnu': [ '4.54.0' ],
48 silly audit   '@rollup/rollup-linux-arm64-musl': [ '4.54.0' ],
48 silly audit   '@rollup/rollup-linux-loong64-gnu': [ '4.54.0' ],
48 silly audit   '@rollup/rollup-linux-ppc64-gnu': [ '4.54.0' ],
48 silly audit   '@rollup/rollup-linux-riscv64-gnu': [ '4.54.0' ],
48 silly audit   '@rollup/rollup-linux-riscv64-musl': [ '4.54.0' ],
48 silly audit   '@rollup/rollup-linux-s390x-gnu': [ '4.54.0' ],
48 silly audit   '@rollup/rollup-linux-x64-gnu': [ '4.54.0' ],
48 silly audit   '@rollup/rollup-linux-x64-musl': [ '4.54.0' ],
48 silly audit   '@rollup/rollup-openharmony-arm64': [ '4.54.0' ],
48 silly audit   '@rollup/rollup-win32-arm64-msvc': [ '4.54.0' ],
48 silly audit   '@rollup/rollup-win32-ia32-msvc': [ '4.54.0' ],
48 silly audit   '@rollup/rollup-win32-x64-gnu': [ '4.54.0' ],
48 silly audit   '@rollup/rollup-win32-x64-msvc': [ '4.54.0' ],
48 silly audit   '@types/babel__core': [ '7.20.5' ],
48 silly audit   '@types/babel__generator': [ '7.27.0' ],
48 silly audit   '@types/babel__template': [ '7.4.4' ],
48 silly audit   '@types/babel__traverse': [ '7.28.0' ],
48 silly audit   '@types/estree': [ '1.0.8' ],
48 silly audit   '@types/json-schema': [ '7.0.15' ],
48 silly audit   '@types/prop-types': [ '15.7.15' ],
48 silly audit   '@types/react': [ '18.3.27' ],
48 silly audit   '@types/react-dom': [ '18.3.7' ],
48 silly audit   '@types/semver': [ '7.7.1' ],
48 silly audit   '@typescript-eslint/eslint-plugin': [ '6.21.0' ],
48 silly audit   '@typescript-eslint/parser': [ '6.21.0' ],
48 silly audit   '@typescript-eslint/scope-manager': [ '6.21.0' ],
48 silly audit   '@typescript-eslint/type-utils': [ '6.21.0' ],
48 silly audit   '@typescript-eslint/types': [ '6.21.0' ],
48 silly audit   '@typescript-eslint/typescript-estree': [ '6.21.0' ],
48 silly audit   '@typescript-eslint/utils': [ '6.21.0' ],
48 silly audit   '@typescript-eslint/visitor-keys': [ '6.21.0' ],
48 silly audit   '@ungap/structured-clone': [ '1.3.0' ],
48 silly audit   '@vitejs/plugin-react': [ '4.7.0' ],
48 silly audit   acorn: [ '8.15.0' ],
48 silly audit   'acorn-jsx': [ '5.3.2' ],
48 silly audit   'adler-32': [ '1.3.1' ],
48 silly audit   ajv: [ '6.12.6' ],
48 silly audit   'ansi-regex': [ '5.0.1' ],
48 silly audit   'ansi-styles': [ '4.3.0' ],
48 silly audit   'any-promise': [ '1.3.0' ],
48 silly audit   anymatch: [ '3.1.3' ],
48 silly audit   arg: [ '5.0.2' ],
48 silly audit   argparse: [ '2.0.1' ],
48 silly audit   'array-union': [ '2.1.0' ],
48 silly audit   autoprefixer: [ '10.4.23' ],
48 silly audit   'balanced-match': [ '1.0.2' ],
48 silly audit   'baseline-browser-mapping': [ '2.9.11' ],
48 silly audit   'binary-extensions': [ '2.3.0' ],
48 silly audit   braces: [ '3.0.3' ],
48 silly audit   browserslist: [ '4.28.1' ],
48 silly audit   callsites: [ '3.1.0' ],
48 silly audit   'camelcase-css': [ '2.0.1' ],
48 silly audit   'caniuse-lite': [ '1.0.30001761' ],
48 silly audit   cfb: [ '1.2.2' ],
48 silly audit   chalk: [ '4.1.2' ],
48 silly audit   chokidar: [ '3.6.0' ],
48 silly audit   'glob-parent': [ '5.1.2', '6.0.2' ],
48 silly audit   clsx: [ '2.1.1' ],
48 silly audit   codepage: [ '1.15.0' ],
48 silly audit   'color-convert': [ '2.0.1' ],
48 silly audit   'color-name': [ '1.1.4' ],
48 silly audit   commander: [ '4.1.1' ],
48 silly audit   'concat-map': [ '0.0.1' ],
48 silly audit   'convert-source-map': [ '2.0.0' ],
48 silly audit   'crc-32': [ '1.2.2' ],
48 silly audit   'cross-spawn': [ '7.0.6' ],
48 silly audit   cssesc: [ '3.0.0' ],
48 silly audit   csstype: [ '3.2.3' ],
48 silly audit   'date-fns': [ '2.30.0' ],
48 silly audit   debug: [ '4.4.3' ],
48 silly audit   'deep-is': [ '0.1.4' ],
48 silly audit   didyoumean: [ '1.2.2' ],
48 silly audit   'dir-glob': [ '3.0.1' ],
48 silly audit   dlv: [ '1.1.3' ],
48 silly audit   doctrine: [ '3.0.0' ],
48 silly audit   'electron-to-chromium': [ '1.5.267' ],
48 silly audit   esbuild: [ '0.21.5' ],
48 silly audit   escalade: [ '3.2.0' ],
48 silly audit   'escape-string-regexp': [ '4.0.0' ],
48 silly audit   eslint: [ '8.57.1' ],
48 silly audit   'eslint-scope': [ '7.2.2' ],
48 silly audit   'eslint-visitor-keys': [ '3.4.3' ],
48 silly audit   espree: [ '9.6.1' ],
48 silly audit   esquery: [ '1.6.0' ],
48 silly audit   esrecurse: [ '4.3.0' ],
48 silly audit   estraverse: [ '5.3.0' ],
48 silly audit   esutils: [ '2.0.3' ],
48 silly audit   'fast-deep-equal': [ '3.1.3' ],
48 silly audit   'fast-glob': [ '3.3.3' ],
48 silly audit   'fast-json-stable-stringify': [ '2.1.0' ],
48 silly audit   'fast-levenshtein': [ '2.0.6' ],
48 silly audit   fastq: [ '1.19.1' ],
48 silly audit   'file-entry-cache': [ '6.0.1' ],
48 silly audit   'fill-range': [ '7.1.1' ],
48 silly audit   'find-up': [ '5.0.0' ],
48 silly audit   'flat-cache': [ '3.2.0' ],
48 silly audit   flatted: [ '3.3.3' ],
48 silly audit   frac: [ '1.1.2' ],
48 silly audit   'fraction.js': [ '5.3.4' ],
48 silly audit   'fs.realpath': [ '1.0.0' ],
48 silly audit   fsevents: [ '2.3.3' ],
48 silly audit   'function-bind': [ '1.1.2' ],
48 silly audit   gensync: [ '1.0.0-beta.2' ],
48 silly audit   glob: [ '7.2.3' ],
48 silly audit   globals: [ '13.24.0' ],
48 silly audit   globby: [ '11.1.0' ],
48 silly audit   graphemer: [ '1.4.0' ],
48 silly audit   'has-flag': [ '4.0.0' ],
48 silly audit   hasown: [ '2.0.2' ],
48 silly audit   ignore: [ '5.3.2' ],
48 silly audit   'import-fresh': [ '3.3.1' ],
48 silly audit   imurmurhash: [ '0.1.4' ],
48 silly audit   inflight: [ '1.0.6' ],
48 silly audit   inherits: [ '2.0.4' ],
48 silly audit   'is-binary-path': [ '2.1.0' ],
48 silly audit   'is-core-module': [ '2.16.1' ],
48 silly audit   'is-extglob': [ '2.1.1' ],
48 silly audit   'is-glob': [ '4.0.3' ],
48 silly audit   'is-number': [ '7.0.0' ],
48 silly audit   'is-path-inside': [ '3.0.3' ],
48 silly audit   isexe: [ '2.0.0' ],
48 silly audit   jiti: [ '1.21.7' ],
48 silly audit   'js-tokens': [ '4.0.0' ],
48 silly audit   'js-yaml': [ '4.1.1' ],
48 silly audit   jsesc: [ '3.1.0' ],
48 silly audit   'json-buffer': [ '3.0.1' ],
48 silly audit   'json-schema-traverse': [ '0.4.1' ],
48 silly audit   'json-stable-stringify-without-jsonify': [ '1.0.1' ],
48 silly audit   json5: [ '2.2.3' ],
48 silly audit   keyv: [ '4.5.4' ],
48 silly audit   levn: [ '0.4.1' ],
48 silly audit   lilconfig: [ '3.1.3' ],
48 silly audit   'lines-and-columns': [ '1.2.4' ],
48 silly audit   'locate-path': [ '6.0.0' ],
48 silly audit   'lodash.merge': [ '4.6.2' ],
48 silly audit   'loose-envify': [ '1.4.0' ],
48 silly audit   'lru-cache': [ '5.1.1' ],
48 silly audit   'lucide-react': [ '0.294.0' ],
48 silly audit   merge2: [ '1.4.1' ],
48 silly audit   micromatch: [ '4.0.8' ],
48 silly audit   ms: [ '2.1.3' ],
48 silly audit   mz: [ '2.7.0' ],
48 silly audit   nanoid: [ '3.3.11' ],
48 silly audit   'natural-compare': [ '1.4.0' ],
48 silly audit   'node-releases': [ '2.0.27' ],
48 silly audit   'normalize-path': [ '3.0.0' ],
48 silly audit   'object-assign': [ '4.1.1' ],
48 silly audit   'object-hash': [ '3.0.0' ],
48 silly audit   once: [ '1.4.0' ],
48 silly audit   optionator: [ '0.9.4' ],
48 silly audit   'p-limit': [ '3.1.0' ],
48 silly audit   'p-locate': [ '5.0.0' ],
48 silly audit   'parent-module': [ '1.0.1' ],
48 silly audit   'path-exists': [ '4.0.0' ],
48 silly audit   'path-is-absolute': [ '1.0.1' ],
48 silly audit   'path-key': [ '3.1.1' ],
48 silly audit   'path-parse': [ '1.0.7' ],
48 silly audit   'path-type': [ '4.0.0' ],
48 silly audit   picocolors: [ '1.1.1' ],
48 silly audit   picomatch: [ '2.3.1', '4.0.3' ],
48 silly audit   pify: [ '2.3.0' ],
48 silly audit   pirates: [ '4.0.7' ],
48 silly audit   postcss: [ '8.5.6' ],
48 silly audit   'postcss-import': [ '15.1.0' ],
48 silly audit   'postcss-js': [ '4.1.0' ],
48 silly audit   'postcss-load-config': [ '6.0.1' ],
48 silly audit   'postcss-nested': [ '6.2.0' ],
48 silly audit   'postcss-selector-parser': [ '6.1.2' ],
48 silly audit   'postcss-value-parser': [ '4.2.0' ],
48 silly audit   'prelude-ls': [ '1.2.1' ],
48 silly audit   punycode: [ '2.3.1' ],
48 silly audit   'queue-microtask': [ '1.2.3' ],
48 silly audit   react: [ '18.3.1' ],
48 silly audit   'react-dom': [ '18.3.1' ],
48 silly audit   'react-refresh': [ '0.17.0' ],
48 silly audit   'read-cache': [ '1.0.0' ],
48 silly audit   readdirp: [ '3.6.0' ],
48 silly audit   resolve: [ '1.22.11' ],
48 silly audit   'resolve-from': [ '4.0.0' ],
48 silly audit   reusify: [ '1.1.0' ],
48 silly audit   rimraf: [ '3.0.2' ],
48 silly audit   rollup: [ '4.54.0' ],
48 silly audit   'run-parallel': [ '1.2.0' ],
48 silly audit   scheduler: [ '0.23.2' ],
48 silly audit   'shebang-command': [ '2.0.0' ],
48 silly audit   'shebang-regex': [ '3.0.0' ],
48 silly audit   slash: [ '3.0.0' ],
48 silly audit   'source-map-js': [ '1.2.1' ],
48 silly audit   ssf: [ '0.11.2' ],
48 silly audit   'strip-ansi': [ '6.0.1' ],
48 silly audit   'strip-json-comments': [ '3.1.1' ],
48 silly audit   sucrase: [ '3.35.1' ],
48 silly audit   'supports-color': [ '7.2.0' ],
48 silly audit   'supports-preserve-symlinks-flag': [ '1.0.0' ],
48 silly audit   'tailwind-merge': [ '2.6.0' ],
48 silly audit   tailwindcss: [ '3.4.19' ],
48 silly audit   'text-table': [ '0.2.0' ],
48 silly audit   thenify: [ '3.3.1' ],
48 silly audit   'thenify-all': [ '1.6.0' ],
48 silly audit   tinyglobby: [ '0.2.15' ],
48 silly audit   fdir: [ '6.5.0' ],
48 silly audit   'to-regex-range': [ '5.0.1' ],
48 silly audit   'ts-api-utils': [ '1.4.3' ],
48 silly audit   'ts-interface-checker': [ '0.1.13' ],
48 silly audit   'type-check': [ '0.4.0' ],
48 silly audit   'type-fest': [ '0.20.2' ],
48 silly audit   typescript: [ '5.9.3' ],
48 silly audit   'update-browserslist-db': [ '1.2.3' ],
48 silly audit   'uri-js': [ '4.4.1' ],
48 silly audit   'util-deprecate': [ '1.0.2' ],
48 silly audit   vite: [ '5.4.21' ],
48 silly audit   which: [ '2.0.2' ],
48 silly audit   wmf: [ '1.0.2' ],
48 silly audit   word: [ '0.3.0' ],
48 silly audit   'word-wrap': [ '1.2.5' ],
48 silly audit   wrappy: [ '1.0.2' ],
48 silly audit   xlsx: [ '0.18.5' ],
48 silly audit   yallist: [ '3.1.1' ],
48 silly audit   'yocto-queue': [ '0.1.0' ]
48 silly audit }
49 http cache @rollup/rollup-win32-x64-msvc@https://registry.npmjs.org/@rollup/rollup-win32-x64-msvc/-/rollup-win32-x64-msvc-4.54.0.tgz 0ms (cache hit)
50 http cache @babel/parser@https://registry.npmjs.org/@babel/parser/-/parser-7.28.5.tgz 0ms (cache hit)
51 http cache @rollup/rollup-win32-x64-gnu@https://registry.npmjs.org/@rollup/rollup-win32-x64-gnu/-/rollup-win32-x64-gnu-4.54.0.tgz 0ms (cache hit)
52 http cache xlsx@https://registry.npmjs.org/xlsx/-/xlsx-0.18.5.tgz 0ms (cache hit)
53 http cache @esbuild/win32-x64@https://registry.npmjs.org/@esbuild/win32-x64/-/win32-x64-0.21.5.tgz 0ms (cache hit)
54 http cache update-browserslist-db@https://registry.npmjs.org/update-browserslist-db/-/update-browserslist-db-1.2.3.tgz 0ms (cache hit)
55 http cache which@https://registry.npmjs.org/which/-/which-2.0.2.tgz 0ms (cache hit)
56 http cache vite@https://registry.npmjs.org/vite/-/vite-5.4.21.tgz 0ms (cache hit)
57 http cache typescript@https://registry.npmjs.org/typescript/-/typescript-5.9.3.tgz 0ms (cache hit)
58 http cache tailwindcss@https://registry.npmjs.org/tailwindcss/-/tailwindcss-3.4.19.tgz 0ms (cache hit)
59 http cache sucrase@https://registry.npmjs.org/sucrase/-/sucrase-3.35.1.tgz 0ms (cache hit)
60 http cache semver@https://registry.npmjs.org/semver/-/semver-7.7.3.tgz 0ms (cache hit)
61 http cache rollup@https://registry.npmjs.org/rollup/-/rollup-4.54.0.tgz 0ms (cache hit)
62 http cache rimraf@https://registry.npmjs.org/rimraf/-/rimraf-3.0.2.tgz 0ms (cache hit)
63 http cache resolve@https://registry.npmjs.org/resolve/-/resolve-1.22.11.tgz 0ms (cache hit)
64 http cache nanoid@https://registry.npmjs.org/nanoid/-/nanoid-3.3.11.tgz 0ms (cache hit)
65 http cache loose-envify@https://registry.npmjs.org/loose-envify/-/loose-envify-1.4.0.tgz 0ms (cache hit)
66 http cache json5@https://registry.npmjs.org/json5/-/json5-2.2.3.tgz 0ms (cache hit)
67 http cache jsesc@https://registry.npmjs.org/jsesc/-/jsesc-3.1.0.tgz 0ms (cache hit)
68 http cache jiti@https://registry.npmjs.org/jiti/-/jiti-1.21.7.tgz 0ms (cache hit)
69 http cache js-yaml@https://registry.npmjs.org/js-yaml/-/js-yaml-4.1.1.tgz 0ms (cache hit)
70 http cache eslint@https://registry.npmjs.org/eslint/-/eslint-8.57.1.tgz 0ms (cache hit)
71 http cache esbuild@https://registry.npmjs.org/esbuild/-/esbuild-0.21.5.tgz 0ms (cache hit)
72 http cache cssesc@https://registry.npmjs.org/cssesc/-/cssesc-3.0.0.tgz 0ms (cache hit)
73 http cache crc-32@https://registry.npmjs.org/crc-32/-/crc-32-1.2.2.tgz 0ms (cache hit)
74 http cache browserslist@https://registry.npmjs.org/browserslist/-/browserslist-4.28.1.tgz 0ms (cache hit)
75 http cache autoprefixer@https://registry.npmjs.org/autoprefixer/-/autoprefixer-10.4.23.tgz 0ms (cache hit)
76 http cache baseline-browser-mapping@https://registry.npmjs.org/baseline-browser-mapping/-/baseline-browser-mapping-2.9.11.tgz 0ms (cache hit)
77 http cache acorn@https://registry.npmjs.org/acorn/-/acorn-8.15.0.tgz 0ms (cache hit)
78 http cache semver@https://registry.npmjs.org/semver/-/semver-6.3.1.tgz 0ms (cache hit)
79 http cache semver@https://registry.npmjs.org/semver/-/semver-6.3.1.tgz 0ms (cache hit)
80 silly tarball no local data for @rollup/rollup-win32-x64-msvc@https://registry.npmjs.org/@rollup/rollup-win32-x64-msvc/-/rollup-win32-x64-msvc-4.54.0.tgz. Extracting by manifest.
81 silly tarball no local data for @rollup/rollup-win32-x64-gnu@https://registry.npmjs.org/@rollup/rollup-win32-x64-gnu/-/rollup-win32-x64-gnu-4.54.0.tgz. Extracting by manifest.
82 silly tarball no local data for @esbuild/win32-x64@https://registry.npmjs.org/@esbuild/win32-x64/-/win32-x64-0.21.5.tgz. Extracting by manifest.
83 warn deprecated rimraf@3.0.2: Rimraf versions prior to v4 are no longer supported
84 http fetch POST 200 https://registry.npmjs.org/-/npm/v1/security/advisories/bulk 509ms
85 silly audit report {
85 silly audit report   esbuild: [
85 silly audit report     {
85 silly audit report       id: 1102341,
85 silly audit report       url: 'https://github.com/advisories/GHSA-67mh-4wv8-2f99',
85 silly audit report       title: 'esbuild enables any website to send any requests to the development server and read the response',
85 silly audit report       severity: 'moderate',
85 silly audit report       vulnerable_versions: '<=0.24.2',
85 silly audit report       cwe: [Array],
85 silly audit report       cvss: [Object]
85 silly audit report     }
85 silly audit report   ],
85 silly audit report   xlsx: [
85 silly audit report     {
85 silly audit report       id: 1108110,
85 silly audit report       url: 'https://github.com/advisories/GHSA-4r6h-8v6p-xvw6',
85 silly audit report       title: 'Prototype Pollution in sheetJS',
85 silly audit report       severity: 'high',
85 silly audit report       vulnerable_versions: '<0.19.3',
85 silly audit report       cwe: [Array],
85 silly audit report       cvss: [Object]
85 silly audit report     },
85 silly audit report     {
85 silly audit report       id: 1108111,
85 silly audit report       url: 'https://github.com/advisories/GHSA-5pgg-2g8v-p4x9',
85 silly audit report       title: 'SheetJS Regular Expression Denial of Service (ReDoS)',
85 silly audit report       severity: 'high',
85 silly audit report       vulnerable_versions: '<0.20.2',
85 silly audit report       cwe: [Array],
85 silly audit report       cvss: [Object]
85 silly audit report     }
85 silly audit report   ]
85 silly audit report }
86 silly packumentCache corgi:https://registry.npmjs.org/esbuild cache-miss
87 silly packumentCache corgi:https://registry.npmjs.org/xlsx cache-miss
88 http fetch GET 200 https://registry.npmjs.org/@rollup/rollup-win32-x64-msvc/-/rollup-win32-x64-msvc-4.54.0.tgz 524ms (cache miss)
89 http fetch GET 200 https://registry.npmjs.org/xlsx 78ms (cache revalidated)
90 silly packumentCache corgi:https://registry.npmjs.org/xlsx set size:134408 disposed:false
91 http fetch GET 200 https://registry.npmjs.org/esbuild 83ms (cache revalidated)
92 silly packumentCache corgi:https://registry.npmjs.org/esbuild set size:877737 disposed:false
93 silly packumentCache corgi:https://registry.npmjs.org/vite cache-miss
94 http fetch GET 200 https://registry.npmjs.org/@rollup/rollup-win32-x64-gnu/-/rollup-win32-x64-gnu-4.54.0.tgz 694ms (cache miss)
95 http fetch GET 200 https://registry.npmjs.org/vite 151ms (cache updated)
96 silly packumentCache corgi:https://registry.npmjs.org/vite set size:undefined disposed:false
97 silly packumentCache corgi:https://registry.npmjs.org/@vitejs%2fplugin-react cache-miss
98 http fetch GET 200 https://registry.npmjs.org/@esbuild/win32-x64/-/win32-x64-0.21.5.tgz 776ms (cache miss)
99 http fetch GET 200 https://registry.npmjs.org/@vitejs%2fplugin-react 71ms (cache revalidated)
100 silly packumentCache corgi:https://registry.npmjs.org/@vitejs%2fplugin-react set size:104872 disposed:false
101 warn deprecated eslint@8.57.1: This version is no longer supported. Please see https://eslint.org/version-support for other options.
102 info run esbuild@0.21.5 postinstall node_modules/esbuild node install.js
103 info run esbuild@0.21.5 postinstall { code: 0, signal: null }
104 silly ADD node_modules/@rollup/rollup-win32-x64-msvc
105 silly ADD node_modules/@rollup/rollup-win32-x64-gnu
106 silly ADD node_modules/@esbuild/win32-x64
107 silly REMOVE node_modules/@rollup/rollup-darwin-arm64
108 silly REMOVE node_modules/@esbuild/darwin-arm64
109 silly CHANGE node_modules/@babel/parser
110 silly CHANGE node_modules/xlsx
111 silly CHANGE node_modules/update-browserslist-db
112 silly CHANGE node_modules/@babel/helper-compilation-targets/node_modules/semver
113 silly CHANGE node_modules/@babel/core/node_modules/semver
114 silly CHANGE node_modules/which
115 silly CHANGE node_modules/vite
116 silly CHANGE node_modules/typescript
117 silly CHANGE node_modules/tailwindcss
118 silly CHANGE node_modules/sucrase
119 silly CHANGE node_modules/semver
120 silly CHANGE node_modules/rollup
121 silly CHANGE node_modules/rimraf
122 silly CHANGE node_modules/resolve
123 silly CHANGE node_modules/nanoid
124 silly CHANGE node_modules/loose-envify
125 silly CHANGE node_modules/json5
126 silly CHANGE node_modules/jsesc
127 silly CHANGE node_modules/jiti
128 silly CHANGE node_modules/js-yaml
129 silly REMOVE node_modules/fsevents
130 silly CHANGE node_modules/eslint
131 silly CHANGE node_modules/esbuild
132 silly CHANGE node_modules/crc-32
133 silly CHANGE node_modules/cssesc
134 silly CHANGE node_modules/browserslist
135 silly CHANGE node_modules/autoprefixer
136 silly CHANGE node_modules/baseline-browser-mapping
137 silly CHANGE node_modules/acorn
138 verbose cwd D:\123456\danalog-platform\frontend
139 verbose os Windows_NT 10.0.26200
140 verbose node v24.12.0
141 verbose npm  v11.6.2
142 verbose exit 0
143 info ok
